<?xml version="1.0" encoding="UTF-8"?>
<testng-results ignored="0" total="1" passed="1" failed="0" skipped="0">
  <reporter-output>
  </reporter-output>
  <suite started-at="2024-03-23T19:44:47 IST" name="Default suite" finished-at="2024-03-23T19:45:12 IST" duration-ms="24848">
    <groups>
    </groups>
    <test started-at="2024-03-23T19:44:47 IST" name="Default test" finished-at="2024-03-23T19:45:12 IST" duration-ms="24848">
      <class name="Worldline.task_1.AppTest">
        <test-method signature="openBrowser()[pri:0, instance:Worldline.task_1.AppTest@7c711375]" started-at="2024-03-23T19:44:47 IST" name="openBrowser" finished-at="2024-03-23T19:45:12 IST" duration-ms="24804" status="PASS">
          <reporter-output>
          </reporter-output>
        </test-method> <!-- openBrowser -->
      </class> <!-- Worldline.task_1.AppTest -->
    </test> <!-- Default test -->
  </suite> <!-- Default suite -->
</testng-results>
